# JRE version: OpenJDK Runtime Environment Temurin-17.0.10+7 (17.0.10+7) (build 17.0.10+7)
# Java VM: OpenJDK 64-Bit Server VM Temurin-17.0.10+7 (17.0.10+7, mixed mode, tiered, compressed oops, compressed class ptrs, parallel gc, windows-amd64)
GC Precious Log:
 CPUs: 8 total, 8 available
 Memory: 16224M
 Large Page Support: Disabled
 NUMA Support: Disabled
 Compressed Oops: Enabled (32-bit)
 Alignments: Space 512K, Generation 512K, Heap 2M
 Heap Min Capacity: 100M
 Heap Initial Capacity: 100M
 Heap Max Capacity: 1G
 Pre-touch: Disabled
 Parallel Workers: 8
Heap:
 PSYoungGen      total 9728K, used 6370K [0x00000000eab00000, 0x00000000ebb00000, 0x0000000100000000)
  eden space 5120K, 39% used [0x00000000eab00000,0x00000000eacfdf10,0x00000000eb000000)
  from space 4608K, 95% used [0x00000000eb680000,0x00000000ebacc000,0x00000000ebb00000)
  to   space 5120K, 0% used [0x00000000eb100000,0x00000000eb100000,0x00000000eb600000)
 ParOldGen       total 326144K, used 251998K [0x00000000c0000000, 0x00000000d3e80000, 0x00000000eab00000)
  object space 326144K, 77% used [0x00000000c0000000,0x00000000cf6178d0,0x00000000d3e80000)
 Metaspace       used 98357K, committed 99712K, reserved 1179648K
  class space    used 9798K, committed 10368K, reserved 1048576K
GC Heap History (20 events):
Event: 8030.741 GC heap before
{Heap before GC invocations=7231 (full 238):
 PSYoungGen      total 7168K, used 7066K [0x00000000eab00000, 0x00000000eb600000, 0x0000000100000000)
  eden space 6144K, 100% used [0x00000000eab00000,0x00000000eb100000,0x00000000eb100000)
  from space 1024K, 90% used [0x00000000eb100000,0x00000000eb1e6a98,0x00000000eb200000)
  to   space 2560K, 0% used [0x00000000eb380000,0x00000000eb380000,0x00000000eb600000)
 ParOldGen       total 321024K, used 310401K [0x00000000c0000000, 0x00000000d3980000, 0x00000000eab00000)
  object space 321024K, 96% used [0x00000000c0000000,0x00000000d2f205b8,0x00000000d3980000)
 Metaspace       used 98368K, committed 99712K, reserved 1179648K
  class space    used 9801K, committed 10368K, reserved 1048576K
}
Event: 8030.743 GC heap after
{Heap after GC invocations=7231 (full 238):
 PSYoungGen      total 8704K, used 548K [0x00000000eab00000, 0x00000000eb480000, 0x0000000100000000)
  eden space 7680K, 0% used [0x00000000eab00000,0x00000000eab00000,0x00000000eb280000)
  from space 1024K, 53% used [0x00000000eb380000,0x00000000eb409210,0x00000000eb480000)
  to   space 1024K, 0% used [0x00000000eb280000,0x00000000eb280000,0x00000000eb380000)
 ParOldGen       total 321024K, used 310525K [0x00000000c0000000, 0x00000000d3980000, 0x00000000eab00000)
  object space 321024K, 96% used [0x00000000c0000000,0x00000000d2f3f7b8,0x00000000d3980000)
 Metaspace       used 98368K, committed 99712K, reserved 1179648K
  class space    used 9801K, committed 10368K, reserved 1048576K
}
Event: 8037.184 GC heap before
{Heap before GC invocations=7232 (full 238):
 PSYoungGen      total 8704K, used 8228K [0x00000000eab00000, 0x00000000eb480000, 0x0000000100000000)
  eden space 7680K, 100% used [0x00000000eab00000,0x00000000eb280000,0x00000000eb280000)
  from space 1024K, 53% used [0x00000000eb380000,0x00000000eb409210,0x00000000eb480000)
  to   space 1024K, 0% used [0x00000000eb280000,0x00000000eb280000,0x00000000eb380000)
 ParOldGen       total 321024K, used 310525K [0x00000000c0000000, 0x00000000d3980000, 0x00000000eab00000)
  object space 321024K, 96% used [0x00000000c0000000,0x00000000d2f3f7b8,0x00000000d3980000)
 Metaspace       used 98368K, committed 99712K, reserved 1179648K
  class space    used 9801K, committed 10368K, reserved 1048576K
}
Event: 8037.188 GC heap after
{Heap after GC invocations=7232 (full 238):
 PSYoungGen      total 8704K, used 1013K [0x00000000eab00000, 0x00000000ebc80000, 0x0000000100000000)
  eden space 7680K, 0% used [0x00000000eab00000,0x00000000eab00000,0x00000000eb280000)
  from space 1024K, 99% used [0x00000000eb280000,0x00000000eb37d758,0x00000000eb380000)
  to   space 5120K, 0% used [0x00000000eb780000,0x00000000eb780000,0x00000000ebc80000)
 ParOldGen       total 321024K, used 313912K [0x00000000c0000000, 0x00000000d3980000, 0x00000000eab00000)
  object space 321024K, 97% used [0x00000000c0000000,0x00000000d328e130,0x00000000d3980000)
 Metaspace       used 98368K, committed 99712K, reserved 1179648K
  class space    used 9801K, committed 10368K, reserved 1048576K
}
Event: 8037.202 GC heap before
{Heap before GC invocations=7233 (full 238):
 PSYoungGen      total 8704K, used 8693K [0x00000000eab00000, 0x00000000ebc80000, 0x0000000100000000)
  eden space 7680K, 100% used [0x00000000eab00000,0x00000000eb280000,0x00000000eb280000)
  from space 1024K, 99% used [0x00000000eb280000,0x00000000eb37d758,0x00000000eb380000)
  to   space 5120K, 0% used [0x00000000eb780000,0x00000000eb780000,0x00000000ebc80000)
 ParOldGen       total 321024K, used 313912K [0x00000000c0000000, 0x00000000d3980000, 0x00000000eab00000)
  object space 321024K, 97% used [0x00000000c0000000,0x00000000d328e130,0x00000000d3980000)
 Metaspace       used 98368K, committed 99712K, reserved 1179648K
  class space    used 9801K, committed 10368K, reserved 1048576K
}
Event: 8037.208 GC heap after
{Heap after GC invocations=7233 (full 238):
 PSYoungGen      total 8192K, used 5120K [0x00000000eab00000, 0x00000000ec700000, 0x0000000100000000)
  eden space 3072K, 0% used [0x00000000eab00000,0x00000000eab00000,0x00000000eae00000)
  from space 5120K, 100% used [0x00000000eb780000,0x00000000ebc80000,0x00000000ebc80000)
  to   space 9728K, 0% used [0x00000000eae00000,0x00000000eae00000,0x00000000eb780000)
 ParOldGen       total 321024K, used 317470K [0x00000000c0000000, 0x00000000d3980000, 0x00000000eab00000)
  object space 321024K, 98% used [0x00000000c0000000,0x00000000d3607888,0x00000000d3980000)
 Metaspace       used 98368K, committed 99712K, reserved 1179648K
  class space    used 9801K, committed 10368K, reserved 1048576K
}
Event: 8037.208 GC heap before
{Heap before GC invocations=7234 (full 239):
 PSYoungGen      total 8192K, used 5120K [0x00000000eab00000, 0x00000000ec700000, 0x0000000100000000)
  eden space 3072K, 0% used [0x00000000eab00000,0x00000000eab00000,0x00000000eae00000)
  from space 5120K, 100% used [0x00000000eb780000,0x00000000ebc80000,0x00000000ebc80000)
  to   space 9728K, 0% used [0x00000000eae00000,0x00000000eae00000,0x00000000eb780000)
 ParOldGen       total 321024K, used 317470K [0x00000000c0000000, 0x00000000d3980000, 0x00000000eab00000)
  object space 321024K, 98% used [0x00000000c0000000,0x00000000d3607888,0x00000000d3980000)
 Metaspace       used 98368K, committed 99712K, reserved 1179648K
  class space    used 9801K, committed 10368K, reserved 1048576K
}
Event: 8037.360 GC heap after
{Heap after GC invocations=7234 (full 239):
 PSYoungGen      total 12800K, used 0K [0x00000000eab00000, 0x00000000ec200000, 0x0000000100000000)
  eden space 3072K, 0% used [0x00000000eab00000,0x00000000eab00000,0x00000000eae00000)
  from space 9728K, 0% used [0x00000000eae00000,0x00000000eae00000,0x00000000eb780000)
  to   space 9728K, 0% used [0x00000000eb880000,0x00000000eb880000,0x00000000ec200000)
 ParOldGen       total 326144K, used 204972K [0x00000000c0000000, 0x00000000d3e80000, 0x00000000eab00000)
  object space 326144K, 62% used [0x00000000c0000000,0x00000000cc82b098,0x00000000d3e80000)
 Metaspace       used 98356K, committed 99712K, reserved 1179648K
  class space    used 9798K, committed 10368K, reserved 1048576K
}
Event: 8037.382 GC heap before
{Heap before GC invocations=7235 (full 239):
 PSYoungGen      total 12800K, used 3072K [0x00000000eab00000, 0x00000000ec200000, 0x0000000100000000)
  eden space 3072K, 100% used [0x00000000eab00000,0x00000000eae00000,0x00000000eae00000)
  from space 9728K, 0% used [0x00000000eae00000,0x00000000eae00000,0x00000000eb780000)
  to   space 9728K, 0% used [0x00000000eb880000,0x00000000eb880000,0x00000000ec200000)
 ParOldGen       total 326144K, used 204972K [0x00000000c0000000, 0x00000000d3e80000, 0x00000000eab00000)
  object space 326144K, 62% used [0x00000000c0000000,0x00000000cc82b098,0x00000000d3e80000)
 Metaspace       used 98356K, committed 99712K, reserved 1179648K
  class space    used 9798K, committed 10368K, reserved 1048576K
}
Event: 8037.383 GC heap after
{Heap after GC invocations=7235 (full 239):
 PSYoungGen      total 6144K, used 2656K [0x00000000eab00000, 0x00000000ebb80000, 0x0000000100000000)
  eden space 3072K, 0% used [0x00000000eab00000,0x00000000eab00000,0x00000000eae00000)
  from space 3072K, 86% used [0x00000000eb880000,0x00000000ebb18000,0x00000000ebb80000)
  to   space 5120K, 0% used [0x00000000eb180000,0x00000000eb180000,0x00000000eb680000)
 ParOldGen       total 326144K, used 204972K [0x00000000c0000000, 0x00000000d3e80000, 0x00000000eab00000)
  object space 326144K, 62% used [0x00000000c0000000,0x00000000cc82b098,0x00000000d3e80000)
 Metaspace       used 98356K, committed 99712K, reserved 1179648K
  class space    used 9798K, committed 10368K, reserved 1048576K
}
Event: 8037.391 GC heap before
{Heap before GC invocations=7236 (full 239):
 PSYoungGen      total 6144K, used 5439K [0x00000000eab00000, 0x00000000ebb80000, 0x0000000100000000)
  eden space 3072K, 90% used [0x00000000eab00000,0x00000000eadb7eb8,0x00000000eae00000)
  from space 3072K, 86% used [0x00000000eb880000,0x00000000ebb18000,0x00000000ebb80000)
  to   space 5120K, 0% used [0x00000000eb180000,0x00000000eb180000,0x00000000eb680000)
 ParOldGen       total 326144K, used 204972K [0x00000000c0000000, 0x00000000d3e80000, 0x00000000eab00000)
  object space 326144K, 62% used [0x00000000c0000000,0x00000000cc82b098,0x00000000d3e80000)
 Metaspace       used 98356K, committed 99712K, reserved 1179648K
  class space    used 9798K, committed 10368K, reserved 1048576K
}
Event: 8037.394 GC heap after
{Heap after GC invocations=7236 (full 239):
 PSYoungGen      total 6656K, used 2397K [0x00000000eab00000, 0x00000000eb900000, 0x0000000100000000)
  eden space 4096K, 0% used [0x00000000eab00000,0x00000000eab00000,0x00000000eaf00000)
  from space 2560K, 93% used [0x00000000eb180000,0x00000000eb3d7598,0x00000000eb400000)
  to   space 3072K, 0% used [0x00000000eb600000,0x00000000eb600000,0x00000000eb900000)
 ParOldGen       total 326144K, used 207532K [0x00000000c0000000, 0x00000000d3e80000, 0x00000000eab00000)
  object space 326144K, 63% used [0x00000000c0000000,0x00000000ccaab098,0x00000000d3e80000)
 Metaspace       used 98356K, committed 99712K, reserved 1179648K
  class space    used 9798K, committed 10368K, reserved 1048576K
}
Event: 8037.401 GC heap before
{Heap before GC invocations=7237 (full 239):
 PSYoungGen      total 6656K, used 6077K [0x00000000eab00000, 0x00000000eb900000, 0x0000000100000000)
  eden space 4096K, 89% used [0x00000000eab00000,0x00000000eae981e8,0x00000000eaf00000)
  from space 2560K, 93% used [0x00000000eb180000,0x00000000eb3d7598,0x00000000eb400000)
  to   space 3072K, 0% used [0x00000000eb600000,0x00000000eb600000,0x00000000eb900000)
 ParOldGen       total 326144K, used 207532K [0x00000000c0000000, 0x00000000d3e80000, 0x00000000eab00000)
  object space 326144K, 63% used [0x00000000c0000000,0x00000000ccaab098,0x00000000d3e80000)
 Metaspace       used 98356K, committed 99712K, reserved 1179648K
  class space    used 9798K, committed 10368K, reserved 1048576K
}
Event: 8037.403 GC heap after
{Heap after GC invocations=7237 (full 239):
 PSYoungGen      total 8192K, used 3044K [0x00000000eab00000, 0x00000000ebc00000, 0x0000000100000000)
  eden space 5120K, 0% used [0x00000000eab00000,0x00000000eab00000,0x00000000eb000000)
  from space 3072K, 99% used [0x00000000eb600000,0x00000000eb8f93c8,0x00000000eb900000)
  to   space 6144K, 0% used [0x00000000eb000000,0x00000000eb000000,0x00000000eb600000)
 ParOldGen       total 326144K, used 210055K [0x00000000c0000000, 0x00000000d3e80000, 0x00000000eab00000)
  object space 326144K, 64% used [0x00000000c0000000,0x00000000ccd21d90,0x00000000d3e80000)
 Metaspace       used 98356K, committed 99712K, reserved 1179648K
  class space    used 9798K, committed 10368K, reserved 1048576K
}
Event: 8037.421 GC heap before
{Heap before GC invocations=7238 (full 239):
 PSYoungGen      total 8192K, used 8164K [0x00000000eab00000, 0x00000000ebc00000, 0x0000000100000000)
  eden space 5120K, 100% used [0x00000000eab00000,0x00000000eb000000,0x00000000eb000000)
  from space 3072K, 99% used [0x00000000eb600000,0x00000000eb8f93c8,0x00000000eb900000)
  to   space 6144K, 0% used [0x00000000eb000000,0x00000000eb000000,0x00000000eb600000)
 ParOldGen       total 326144K, used 210055K [0x00000000c0000000, 0x00000000d3e80000, 0x00000000eab00000)
  object space 326144K, 64% used [0x00000000c0000000,0x00000000ccd21d90,0x00000000d3e80000)
 Metaspace       used 98356K, committed 99712K, reserved 1179648K
  class space    used 9798K, committed 10368K, reserved 1048576K
}
Event: 8037.423 GC heap after
{Heap after GC invocations=7238 (full 239):
 PSYoungGen      total 8192K, used 3000K [0x00000000eab00000, 0x00000000eb800000, 0x0000000100000000)
  eden space 5120K, 0% used [0x00000000eab00000,0x00000000eab00000,0x00000000eb000000)
  from space 3072K, 97% used [0x00000000eb000000,0x00000000eb2ee000,0x00000000eb300000)
  to   space 4096K, 0% used [0x00000000eb400000,0x00000000eb400000,0x00000000eb800000)
 ParOldGen       total 326144K, used 212813K [0x00000000c0000000, 0x00000000d3e80000, 0x00000000eab00000)
  object space 326144K, 65% used [0x00000000c0000000,0x00000000ccfd37d8,0x00000000d3e80000)
 Metaspace       used 98356K, committed 99712K, reserved 1179648K
  class space    used 9798K, committed 10368K, reserved 1048576K
}
Event: 8037.460 GC heap before
{Heap before GC invocations=7239 (full 239):
 PSYoungGen      total 8192K, used 8117K [0x00000000eab00000, 0x00000000eb800000, 0x0000000100000000)
  eden space 5120K, 99% used [0x00000000eab00000,0x00000000eafff578,0x00000000eb000000)
  from space 3072K, 97% used [0x00000000eb000000,0x00000000eb2ee000,0x00000000eb300000)
  to   space 4096K, 0% used [0x00000000eb400000,0x00000000eb400000,0x00000000eb800000)
 ParOldGen       total 326144K, used 243534K [0x00000000c0000000, 0x00000000d3e80000, 0x00000000eab00000)
  object space 326144K, 74% used [0x00000000c0000000,0x00000000cedd3808,0x00000000d3e80000)
 Metaspace       used 98357K, committed 99712K, reserved 1179648K
  class space    used 9798K, committed 10368K, reserved 1048576K
}
Event: 8037.463 GC heap after
{Heap after GC invocations=7239 (full 239):
 PSYoungGen      total 6144K, used 736K [0x00000000eab00000, 0x00000000eb500000, 0x0000000100000000)
  eden space 5120K, 0% used [0x00000000eab00000,0x00000000eab00000,0x00000000eb000000)
  from space 1024K, 71% used [0x00000000eb400000,0x00000000eb4b8000,0x00000000eb500000)
  to   space 2048K, 0% used [0x00000000eb100000,0x00000000eb100000,0x00000000eb300000)
 ParOldGen       total 326144K, used 246334K [0x00000000c0000000, 0x00000000d3e80000, 0x00000000eab00000)
  object space 326144K, 75% used [0x00000000c0000000,0x00000000cf08f808,0x00000000d3e80000)
 Metaspace       used 98357K, committed 99712K, reserved 1179648K
  class space    used 9798K, committed 10368K, reserved 1048576K
}
Event: 8037.471 GC heap before
{Heap before GC invocations=7240 (full 239):
 PSYoungGen      total 6144K, used 5855K [0x00000000eab00000, 0x00000000eb500000, 0x0000000100000000)
  eden space 5120K, 99% used [0x00000000eab00000,0x00000000eaffffd0,0x00000000eb000000)
  from space 1024K, 71% used [0x00000000eb400000,0x00000000eb4b8000,0x00000000eb500000)
  to   space 2048K, 0% used [0x00000000eb100000,0x00000000eb100000,0x00000000eb300000)
 ParOldGen       total 326144K, used 246334K [0x00000000c0000000, 0x00000000d3e80000, 0x00000000eab00000)
  object space 326144K, 75% used [0x00000000c0000000,0x00000000cf08f808,0x00000000d3e80000)
 Metaspace       used 98357K, committed 99712K, reserved 1179648K
  class space    used 9798K, committed 10368K, reserved 1048576K
}
Event: 8037.473 GC heap after
{Heap after GC invocations=7240 (full 239):
 PSYoungGen      total 7168K, used 2037K [0x00000000eab00000, 0x00000000ebd00000, 0x0000000100000000)
  eden space 5120K, 0% used [0x00000000eab00000,0x00000000eab00000,0x00000000eb000000)
  from space 2048K, 99% used [0x00000000eb100000,0x00000000eb2fd5b0,0x00000000eb300000)
  to   space 6656K, 0% used [0x00000000eb680000,0x00000000eb680000,0x00000000ebd00000)
 ParOldGen       total 326144K, used 249920K [0x00000000c0000000, 0x00000000d3e80000, 0x00000000eab00000)
  object space 326144K, 76% used [0x00000000c0000000,0x00000000cf410320,0x00000000d3e80000)
 Metaspace       used 98357K, committed 99712K, reserved 1179648K
  class space    used 9798K, committed 10368K, reserved 1048576K
}

